Determining if the pthread_create exist failed with the following output:
Change Dir: /home/riley/fuerte_workspace/sandbox/smart-camera-trap/CMakeFiles/CMakeTmp

Run Build Command:/usr/bin/make "cmTryCompileExec431689274/fast"
make[1]: Entering directory `/home/riley/fuerte_workspace/sandbox/smart-camera-trap/CMakeFiles/CMakeTmp'
/usr/bin/make -f CMakeFiles/cmTryCompileExec431689274.dir/build.make CMakeFiles/cmTryCompileExec431689274.dir/build
make[2]: Entering directory `/home/riley/fuerte_workspace/sandbox/smart-camera-trap/CMakeFiles/CMakeTmp'
/usr/bin/cmake -E cmake_progress_report /home/riley/fuerte_workspace/sandbox/smart-camera-trap/CMakeFiles/CMakeTmp/CMakeFiles 1
Building C object CMakeFiles/cmTryCompileExec431689274.dir/CheckSymbolExists.c.o
/usr/bin/gcc    -o CMakeFiles/cmTryCompileExec431689274.dir/CheckSymbolExists.c.o   -c /home/riley/fuerte_workspace/sandbox/smart-camera-trap/CMakeFiles/CMakeTmp/CheckSymbolExists.c
Linking C executable cmTryCompileExec431689274
/usr/bin/cmake -E cmake_link_script CMakeFiles/cmTryCompileExec431689274.dir/link.txt --verbose=1
/usr/bin/gcc         CMakeFiles/cmTryCompileExec431689274.dir/CheckSymbolExists.c.o  -o cmTryCompileExec431689274 -rdynamic 
CMakeFiles/cmTryCompileExec431689274.dir/CheckSymbolExists.c.o: In function `main':
CheckSymbolExists.c:(.text+0x16): undefined reference to `pthread_create'
collect2: error: ld returned 1 exit status
make[2]: *** [cmTryCompileExec431689274] Error 1
make[2]: Leaving directory `/home/riley/fuerte_workspace/sandbox/smart-camera-trap/CMakeFiles/CMakeTmp'
make[1]: *** [cmTryCompileExec431689274/fast] Error 2
make[1]: Leaving directory `/home/riley/fuerte_workspace/sandbox/smart-camera-trap/CMakeFiles/CMakeTmp'

File /home/riley/fuerte_workspace/sandbox/smart-camera-trap/CMakeFiles/CMakeTmp/CheckSymbolExists.c:
/* */
#include <pthread.h>

int main(int argc, char** argv)
{
  (void)argv;
#ifndef pthread_create
  return ((int*)(&pthread_create))[argc];
#else
  (void)argc;
  return 0;
#endif
}

Determining if the function pthread_create exists in the pthreads failed with the following output:
Change Dir: /home/riley/fuerte_workspace/sandbox/smart-camera-trap/CMakeFiles/CMakeTmp

Run Build Command:/usr/bin/make "cmTryCompileExec556586955/fast"
make[1]: Entering directory `/home/riley/fuerte_workspace/sandbox/smart-camera-trap/CMakeFiles/CMakeTmp'
/usr/bin/make -f CMakeFiles/cmTryCompileExec556586955.dir/build.make CMakeFiles/cmTryCompileExec556586955.dir/build
make[2]: Entering directory `/home/riley/fuerte_workspace/sandbox/smart-camera-trap/CMakeFiles/CMakeTmp'
/usr/bin/cmake -E cmake_progress_report /home/riley/fuerte_workspace/sandbox/smart-camera-trap/CMakeFiles/CMakeTmp/CMakeFiles 1
Building C object CMakeFiles/cmTryCompileExec556586955.dir/CheckFunctionExists.c.o
/usr/bin/gcc   -DCHECK_FUNCTION_EXISTS=pthread_create   -o CMakeFiles/cmTryCompileExec556586955.dir/CheckFunctionExists.c.o   -c /usr/share/cmake-2.8/Modules/CheckFunctionExists.c
Linking C executable cmTryCompileExec556586955
/usr/bin/cmake -E cmake_link_script CMakeFiles/cmTryCompileExec556586955.dir/link.txt --verbose=1
/usr/bin/gcc     -DCHECK_FUNCTION_EXISTS=pthread_create    CMakeFiles/cmTryCompileExec556586955.dir/CheckFunctionExists.c.o  -o cmTryCompileExec556586955 -rdynamic -lpthreads 
/usr/bin/ld: cannot find -lpthreads
collect2: error: ld returned 1 exit status
make[2]: Leaving directory `/home/riley/fuerte_workspace/sandbox/smart-camera-trap/CMakeFiles/CMakeTmp'
make[2]: *** [cmTryCompileExec556586955] Error 1
make[1]: *** [cmTryCompileExec556586955/fast] Error 2
make[1]: Leaving directory `/home/riley/fuerte_workspace/sandbox/smart-camera-trap/CMakeFiles/CMakeTmp'


Determining if the pthread_create exist failed with the following output:
Change Dir: /home/riley/fuerte_workspace/sandbox/ICT_Viper/CMakeFiles/CMakeTmp

Run Build Command:/usr/bin/make "cmTryCompileExec404910969/fast"
/usr/bin/make -f CMakeFiles/cmTryCompileExec404910969.dir/build.make CMakeFiles/cmTryCompileExec404910969.dir/build
make[1]: Entering directory `/home/riley/fuerte_workspace/sandbox/ICT_Viper/CMakeFiles/CMakeTmp'
/usr/bin/cmake -E cmake_progress_report /home/riley/fuerte_workspace/sandbox/ICT_Viper/CMakeFiles/CMakeTmp/CMakeFiles 1
Building C object CMakeFiles/cmTryCompileExec404910969.dir/CheckSymbolExists.c.o
/usr/bin/gcc    -o CMakeFiles/cmTryCompileExec404910969.dir/CheckSymbolExists.c.o   -c /home/riley/fuerte_workspace/sandbox/ICT_Viper/CMakeFiles/CMakeTmp/CheckSymbolExists.c
Linking C executable cmTryCompileExec404910969
/usr/bin/cmake -E cmake_link_script CMakeFiles/cmTryCompileExec404910969.dir/link.txt --verbose=1
/usr/bin/gcc         CMakeFiles/cmTryCompileExec404910969.dir/CheckSymbolExists.c.o  -o cmTryCompileExec404910969 -rdynamic 
CMakeFiles/cmTryCompileExec404910969.dir/CheckSymbolExists.c.o: In function `main':
CheckSymbolExists.c:(.text+0x16): undefined reference to `pthread_create'
collect2: error: ld returned 1 exit status
make[1]: Leaving directory `/home/riley/fuerte_workspace/sandbox/ICT_Viper/CMakeFiles/CMakeTmp'
make[1]: *** [cmTryCompileExec404910969] Error 1
make: *** [cmTryCompileExec404910969/fast] Error 2

File /home/riley/fuerte_workspace/sandbox/ICT_Viper/CMakeFiles/CMakeTmp/CheckSymbolExists.c:
/* */
#include <pthread.h>

int main(int argc, char** argv)
{
  (void)argv;
#ifndef pthread_create
  return ((int*)(&pthread_create))[argc];
#else
  (void)argc;
  return 0;
#endif
}

Determining if the function pthread_create exists in the pthreads failed with the following output:
Change Dir: /home/riley/fuerte_workspace/sandbox/ICT_Viper/CMakeFiles/CMakeTmp

Run Build Command:/usr/bin/make "cmTryCompileExec1261358220/fast"
/usr/bin/make -f CMakeFiles/cmTryCompileExec1261358220.dir/build.make CMakeFiles/cmTryCompileExec1261358220.dir/build
make[1]: Entering directory `/home/riley/fuerte_workspace/sandbox/ICT_Viper/CMakeFiles/CMakeTmp'
/usr/bin/cmake -E cmake_progress_report /home/riley/fuerte_workspace/sandbox/ICT_Viper/CMakeFiles/CMakeTmp/CMakeFiles 1
Building C object CMakeFiles/cmTryCompileExec1261358220.dir/CheckFunctionExists.c.o
/usr/bin/gcc   -DCHECK_FUNCTION_EXISTS=pthread_create   -o CMakeFiles/cmTryCompileExec1261358220.dir/CheckFunctionExists.c.o   -c /usr/share/cmake-2.8/Modules/CheckFunctionExists.c
Linking C executable cmTryCompileExec1261358220
/usr/bin/cmake -E cmake_link_script CMakeFiles/cmTryCompileExec1261358220.dir/link.txt --verbose=1
/usr/bin/gcc     -DCHECK_FUNCTION_EXISTS=pthread_create    CMakeFiles/cmTryCompileExec1261358220.dir/CheckFunctionExists.c.o  -o cmTryCompileExec1261358220 -rdynamic -lpthreads 
/usr/bin/ld: cannot find -lpthreads
collect2: error: ld returned 1 exit status
make[1]: *** [cmTryCompileExec1261358220] Error 1
make[1]: Leaving directory `/home/riley/fuerte_workspace/sandbox/ICT_Viper/CMakeFiles/CMakeTmp'
make: *** [cmTryCompileExec1261358220/fast] Error 2


Determining if the function pthread_create exists in the pthreads failed with the following output:
Change Dir: /home/viki/groovy_workspace/CamTrap_Viper/CMakeFiles/CMakeTmp

Run Build Command:/usr/bin/make "cmTryCompileExec/fast"
/usr/bin/make -f CMakeFiles/cmTryCompileExec.dir/build.make CMakeFiles/cmTryCompileExec.dir/build
make[1]: Entering directory `/home/viki/groovy_workspace/CamTrap_Viper/CMakeFiles/CMakeTmp'
/usr/bin/cmake -E cmake_progress_report /home/viki/groovy_workspace/CamTrap_Viper/CMakeFiles/CMakeTmp/CMakeFiles 1
Building C object CMakeFiles/cmTryCompileExec.dir/CheckFunctionExists.c.o
/usr/bin/gcc   -DCHECK_FUNCTION_EXISTS=pthread_create   -o CMakeFiles/cmTryCompileExec.dir/CheckFunctionExists.c.o   -c /usr/share/cmake-2.8/Modules/CheckFunctionExists.c
Linking C executable cmTryCompileExec
/usr/bin/cmake -E cmake_link_script CMakeFiles/cmTryCompileExec.dir/link.txt --verbose=1
/usr/bin/gcc     -DCHECK_FUNCTION_EXISTS=pthread_create    CMakeFiles/cmTryCompileExec.dir/CheckFunctionExists.c.o  -o cmTryCompileExec -rdynamic -lpthreads 
/usr/bin/ld: cannot find -lpthreads
collect2: ld returned 1 exit status
make[1]: Leaving directory `/home/viki/groovy_workspace/CamTrap_Viper/CMakeFiles/CMakeTmp'
make[1]: *** [cmTryCompileExec] Error 1
make: *** [cmTryCompileExec/fast] Error 2


